#
# A fatal error has been detected by the Java Runtime Environment:
#
#  EXCEPTION_ACCESS_VIOLATION (0xc0000005) at pc=0x0000000052737ab4, pid=2836, tid=0x0000000000001afc
#
# JRE version: Java(TM) SE Runtime Environment (8.0_131-b11) (build 1.8.0_131-b11)
# Java VM: Java HotSpot(TM) 64-Bit Server VM (25.131-b11 mixed mode windows-amd64 compressed oops)
# Problematic frame:
# V  [jvm.dll+0x127ab4]
#
# Failed to write core dump. Minidumps are not enabled by default on client versions of Windows
#
# If you would like to submit a bug report, please visit:
#   http://bugreport.java.com/bugreport/crash.jsp
#

---------------  T H R E A D  ---------------

Current thread (0x00000000187f5800):  JavaThread "JavaFX Application Thread" [_thread_in_vm, id=6908, stack(0x0000000019390000,0x0000000019490000)]

siginfo: ExceptionCode=0xc0000005, reading address 0x000000070000002b

Registers:
RAX=0x0000000700000007, RBX=0x0000000018458440, RCX=0x0000000000060008, RDX=0x0000000018bae690
RSP=0x000000001948d2c0, RBP=0x000000001948d381, RSI=0x000000000006000b, RDI=0x00000000180c3210
R8 =0x00000000187e9180, R9 =0x0000000000000001, R10=0x000000000000001a, R11=0x0000000000000026
R12=0x0000000000000000, R13=0x00000000187f5800, R14=0x0000000000000001, R15=0x0000000018bae690
RIP=0x0000000052737ab4, EFLAGS=0x0000000000010202

Top of Stack: (sp=0x000000001948d2c0)
0x000000001948d2c0:   00000001000ecfd8 0000000100000f28
0x000000001948d2d0:   0000000000000000 00000001000e3e98
0x000000001948d2e0:   0000000000000000 0000000016372b10
0x000000001948d2f0:   00000000180c3150 0000000000000038
0x000000001948d300:   0000000016364870 0000000052738976
0x000000001948d310:   000000001eb2e188 00000000187f5800
0x000000001948d320:   0000000000000001 0000000016372960
0x000000001948d330:   0000000016372b00 0000000016363290
0x000000001948d340:   0000001400000001 0000000000000000
0x000000001948d350:   0000000000000007 00000000187f5800
0x000000001948d360:   00000000187e9180 0000000018458400
0x000000001948d370:   0000000018458440 00000000184584e8
0x000000001948d380:   00000000000000d8 000000001948d410
0x000000001948d390:   00000000187f5800 00000000187f59f8
0x000000001948d3a0:   0000000000000001 00000000187f5800
0x000000001948d3b0:   0000000000000004 000000000000006f 

Instructions: (pc=0x0000000052737ab4)
0x0000000052737a94:   e8 17 9a ed ff 48 8b d8 48 8b 45 6f 48 8b 90 80
0x0000000052737aa4:   01 00 00 48 63 0a 48 85 c9 7e 13 90 48 8b 04 ca
0x0000000052737ab4:   83 78 24 f6 7e 08 48 ff c9 48 85 c9 7f ee 4d 8b
0x0000000052737ac4:   f4 4c 89 65 a7 48 89 75 8f 48 85 f6 0f 8e 86 05 


Register to memory mapping:

RAX=0x0000000700000007 is an unknown value
RBX=0x0000000018458440 is an unknown value
RCX=0x0000000000060008 is an unknown value
RDX=0x0000000018bae690 is an unknown value
RSP=0x000000001948d2c0 is pointing into the stack for thread: 0x00000000187f5800
RBP=0x000000001948d381 is pointing into the stack for thread: 0x00000000187f5800
RSI=0x000000000006000b is an unknown value
RDI=0x00000000180c3210 is an unknown value
R8 =0x00000000187e9180 is an unknown value
R9 =0x0000000000000001 is an unknown value
R10=0x000000000000001a is an unknown value
R11=0x0000000000000026 is an unknown value
R12=0x0000000000000000 is an unknown value
R13=0x00000000187f5800 is a thread
R14=0x0000000000000001 is an unknown value
R15=0x0000000018bae690 is an unknown value


Stack: [0x0000000019390000,0x0000000019490000],  sp=0x000000001948d2c0,  free space=1012k
Native frames: (J=compiled Java code, j=interpreted, Vv=VM code, C=native code)
V  [jvm.dll+0x127ab4]
V  [jvm.dll+0x128ae2]
V  [jvm.dll+0x110f8d]
V  [jvm.dll+0x113830]
V  [jvm.dll+0x19b8b6]
C  0x0000000002e77f74

Java frames: (J=compiled Java code, j=interpreted, Vv=VM code)
j  java.lang.Class.getDeclaredFields0(Z)[Ljava/lang/reflect/Field;+0
j  java.lang.Class.privateGetDeclaredFields(Z)[Ljava/lang/reflect/Field;+37
j  java.lang.Class.getDeclaredFields()[Ljava/lang/reflect/Field;+11
j  org.capcaval.c3.componentmanager.tools.ComponentAnalyserTool.getMemberFieldListWithAnnotation(Ljava/lang/Class;Ljava/lang/Class;)[Ljava/lang/reflect/Field;+9
j  org.capcaval.c3.componentmanager.tools.ComponentAnalyserTool.getSubComponentList(Ljava/lang/Class;)[Lorg/capcaval/c3/componentmanager/impl/tools/SubComponentDescription;+3
j  org.capcaval.c3.componentmanager.impl.ComponentManagerImpl.discoverComponentImpl(Ljava/lang/Class;Ljava/util/List;Lorg/capcaval/c3/componentmanager/tools/ComponentDescription$ComponentDescriptionFactory;I)V+21
j  org.capcaval.c3.componentmanager.impl.ComponentManagerImpl.discoverAllComponents()[Lorg/capcaval/c3/componentmanager/tools/ComponentDescription;+42
j  org.capcaval.c3.componentmanager.impl.ComponentManagerImpl.startApplication()Ljava/lang/String;+1
j  org.capcaval.c3.componentmanager.impl.ComponentManagerImpl.startApplication([Ljava/lang/Class;)Ljava/lang/String;+6
j  bzh.terrevirtuelle.navisu.main.AppMain.start(Ljavafx/stage/Stage;)V+301
j  com.sun.javafx.application.LauncherImpl.lambda$launchApplication1$162(Ljava/util/concurrent/atomic/AtomicBoolean;Ljavafx/application/Application;)V+20
j  com.sun.javafx.application.LauncherImpl$$Lambda$55.run()V+8
j  com.sun.javafx.application.PlatformImpl.lambda$runAndWait$175(Ljava/lang/Runnable;Ljava/util/concurrent/CountDownLatch;)V+1
j  com.sun.javafx.application.PlatformImpl$$Lambda$47.run()V+8
j  com.sun.javafx.application.PlatformImpl.lambda$null$173(Ljava/lang/Runnable;)Ljava/lang/Void;+1
j  com.sun.javafx.application.PlatformImpl$$Lambda$50.run()Ljava/lang/Object;+4
v  ~StubRoutines::call_stub
j  java.security.AccessController.doPrivileged(Ljava/security/PrivilegedAction;Ljava/security/AccessControlContext;)Ljava/lang/Object;+0
j  com.sun.javafx.application.PlatformImpl.lambda$runLater$174(Ljava/lang/Runnable;Ljava/security/AccessControlContext;)V+7
j  com.sun.javafx.application.PlatformImpl$$Lambda$49.run()V+8
j  com.sun.glass.ui.InvokeLaterDispatcher$Future.run()V+4
v  ~StubRoutines::call_stub
j  com.sun.glass.ui.win.WinApplication._runLoop(Ljava/lang/Runnable;)V+0
j  com.sun.glass.ui.win.WinApplication.lambda$null$148(ILjava/lang/Runnable;)V+8
j  com.sun.glass.ui.win.WinApplication$$Lambda$38.run()V+12
j  java.lang.Thread.run()V+11
v  ~StubRoutines::call_stub

---------------  P R O C E S S  ---------------

Java Threads: ( => current thread )
  0x000000001880b800 JavaThread "Thread-4" daemon [_thread_in_native, id=4184, stack(0x000000001d930000,0x000000001da30000)]
  0x0000000018870800 JavaThread "JavaFX-Launcher" [_thread_blocked, id=7476, stack(0x000000001da30000,0x000000001db30000)]
=>0x00000000187f5800 JavaThread "JavaFX Application Thread" [_thread_in_vm, id=6908, stack(0x0000000019390000,0x0000000019490000)]
  0x00000000187f3000 JavaThread "Thread-1" daemon [_thread_blocked, id=4280, stack(0x0000000019290000,0x0000000019390000)]
  0x000000001847e000 JavaThread "QuantumRenderer-0" daemon [_thread_blocked, id=4584, stack(0x0000000018fe0000,0x00000000190e0000)]
  0x00000000180aa000 JavaThread "Service Thread" daemon [_thread_blocked, id=9728, stack(0x0000000018480000,0x0000000018580000)]
  0x0000000016704000 JavaThread "C1 CompilerThread2" daemon [_thread_blocked, id=2960, stack(0x0000000017f80000,0x0000000018080000)]
  0x00000000166f7000 JavaThread "C2 CompilerThread1" daemon [_thread_blocked, id=1592, stack(0x0000000017e80000,0x0000000017f80000)]
  0x00000000166f0800 JavaThread "C2 CompilerThread0" daemon [_thread_in_native, id=8892, stack(0x0000000017d80000,0x0000000017e80000)]
  0x00000000166ef000 JavaThread "Attach Listener" daemon [_thread_blocked, id=9500, stack(0x0000000017c80000,0x0000000017d80000)]
  0x00000000166ed800 JavaThread "Signal Dispatcher" daemon [_thread_blocked, id=6412, stack(0x0000000017b80000,0x0000000017c80000)]
  0x00000000166da800 JavaThread "Finalizer" daemon [_thread_blocked, id=2588, stack(0x0000000017970000,0x0000000017a70000)]
  0x0000000002e53000 JavaThread "Reference Handler" daemon [_thread_blocked, id=5292, stack(0x0000000017870000,0x0000000017970000)]
  0x0000000002d63800 JavaThread "main" [_thread_blocked, id=7836, stack(0x0000000002b80000,0x0000000002c80000)]

Other Threads:
  0x00000000166b7000 VMThread [stack: 0x0000000017770000,0x0000000017870000] [id=10876]
  0x00000000180cb000 WatcherThread [stack: 0x00000000186e0000,0x00000000187e0000] [id=5520]

VM state:not at safepoint (normal execution)

VM Mutex/Monitor currently owned by a thread: None

Heap:
 PSYoungGen      total 28672K, used 10393K [0x00000000e0900000, 0x00000000e2900000, 0x0000000100000000)
  eden space 24576K, 33% used [0x00000000e0900000,0x00000000e10f8a18,0x00000000e2100000)
  from space 4096K, 54% used [0x00000000e2100000,0x00000000e232dc50,0x00000000e2500000)
  to   space 4096K, 0% used [0x00000000e2500000,0x00000000e2500000,0x00000000e2900000)
 ParOldGen       total 65536K, used 16K [0x00000000a1a00000, 0x00000000a5a00000, 0x00000000e0900000)
  object space 65536K, 0% used [0x00000000a1a00000,0x00000000a1a04000,0x00000000a5a00000)
 Metaspace       used 9281K, capacity 9570K, committed 9728K, reserved 1058816K
  class space    used 1137K, capacity 1231K, committed 1280K, reserved 1048576K

Card table byte_map: [0x0000000012220000,0x0000000012520000] byte_map_base: 0x0000000011d13000

Marking Bits: (ParMarkBitMap*) 0x0000000052e2c720
 Begin Bits: [0x0000000012b20000, 0x00000000142b8000)
 End Bits:   [0x00000000142b8000, 0x0000000015a50000)

Polling page: 0x0000000001510000

CodeCache: size=245760Kb used=3003Kb max_used=3003Kb free=242756Kb
 bounds [0x0000000002e60000, 0x0000000003160000, 0x0000000011e60000]
 total_blobs=1095 nmethods=719 adapters=289
 compilation: enabled

Compilation events (10 events):
Event: 0.841 Thread 0x0000000016704000  714       3       java.util.ArrayList::grow (45 bytes)
Event: 0.841 Thread 0x0000000016704000 nmethod 714 0x000000000314e1d0 code [0x000000000314e360, 0x000000000314e858]
Event: 0.843 Thread 0x0000000016704000  715   !   3       java.io.FileInputStream::close (62 bytes)
Event: 0.843 Thread 0x0000000016704000 nmethod 715 0x000000000314d7d0 code [0x000000000314d960, 0x000000000314dfd8]
Event: 0.844 Thread 0x0000000016704000  716   !   3       java.lang.ClassLoader::definePackage (77 bytes)
Event: 0.845 Thread 0x0000000016704000 nmethod 716 0x000000000314cb50 code [0x000000000314cd00, 0x000000000314d3b8]
Event: 0.847 Thread 0x0000000016704000  718   !   3       java.util.zip.Inflater::inflate (113 bytes)
Event: 0.847 Thread 0x0000000016704000 nmethod 718 0x000000000314f950 code [0x000000000314fb00, 0x0000000003150178]
Event: 0.847 Thread 0x0000000016704000  720       3       java.lang.ClassNotFoundException::<init> (7 bytes)
Event: 0.848 Thread 0x0000000016704000 nmethod 720 0x00000000031504d0 code [0x0000000003150640, 0x0000000003150888]

GC Heap History (2 events):
Event: 0.754 GC heap before
{Heap before GC invocations=1 (full 0):
 PSYoungGen      total 28672K, used 24576K [0x00000000e0900000, 0x00000000e2900000, 0x0000000100000000)
  eden space 24576K, 100% used [0x00000000e0900000,0x00000000e2100000,0x00000000e2100000)
  from space 4096K, 0% used [0x00000000e2500000,0x00000000e2500000,0x00000000e2900000)
  to   space 4096K, 0% used [0x00000000e2100000,0x00000000e2100000,0x00000000e2500000)
 ParOldGen       total 65536K, used 0K [0x00000000a1a00000, 0x00000000a5a00000, 0x00000000e0900000)
  object space 65536K, 0% used [0x00000000a1a00000,0x00000000a1a00000,0x00000000a5a00000)
 Metaspace       used 8258K, capacity 8572K, committed 8832K, reserved 1056768K
  class space    used 1017K, capacity 1134K, committed 1152K, reserved 1048576K
Event: 0.756 GC heap after
Heap after GC invocations=1 (full 0):
 PSYoungGen      total 28672K, used 2231K [0x00000000e0900000, 0x00000000e2900000, 0x0000000100000000)
  eden space 24576K, 0% used [0x00000000e0900000,0x00000000e0900000,0x00000000e2100000)
  from space 4096K, 54% used [0x00000000e2100000,0x00000000e232dc50,0x00000000e2500000)
  to   space 4096K, 0% used [0x00000000e2500000,0x00000000e2500000,0x00000000e2900000)
 ParOldGen       total 65536K, used 16K [0x00000000a1a00000, 0x00000000a5a00000, 0x00000000e0900000)
  object space 65536K, 0% used [0x00000000a1a00000,0x00000000a1a04000,0x00000000a5a00000)
 Metaspace       used 8258K, capacity 8572K, committed 8832K, reserved 1056768K
  class space    used 1017K, capacity 1134K, committed 1152K, reserved 1048576K
}

Deoptimization events (4 events):
Event: 0.466 Thread 0x00000000187f5800 Uncommon trap: reason=unstable_if action=reinterpret pc=0x000000000302e8e8 method=java.lang.String.indexOf([CII[CIII)I @ 3
Event: 0.486 Thread 0x00000000187f5800 Uncommon trap: reason=unstable_if action=reinterpret pc=0x0000000003017890 method=java.lang.String.replace(CC)Ljava/lang/String; @ 26
Event: 0.493 Thread 0x00000000187f5800 Uncommon trap: reason=unstable_if action=reinterpret pc=0x000000000302b0cc method=java.lang.String.startsWith(Ljava/lang/String;I)Z @ 25
Event: 0.737 Thread 0x00000000187f5800 Uncommon trap: reason=unstable_if action=reinterpret pc=0x00000000031072a4 method=java.lang.String.regionMatches(ZILjava/lang/String;II)Z @ 68

Internal exceptions (10 events):
Event: 0.524 Thread 0x00000000187f5800 Exception <a 'java/security/PrivilegedActionException'> (0x00000000e138eea8) thrown at [C:\re\workspace\8-2-build-windows-amd64-cygwin\jdk8u131\8869\hotspot\src\share\vm\prims\jvm.cpp, line 1390]
Event: 0.524 Thread 0x00000000187f5800 Exception <a 'java/security/PrivilegedActionException'> (0x00000000e138f2a0) thrown at [C:\re\workspace\8-2-build-windows-amd64-cygwin\jdk8u131\8869\hotspot\src\share\vm\prims\jvm.cpp, line 1390]
Event: 0.524 Thread 0x00000000187f5800 Exception <a 'java/security/PrivilegedActionException'> (0x00000000e1390da8) thrown at [C:\re\workspace\8-2-build-windows-amd64-cygwin\jdk8u131\8869\hotspot\src\share\vm\prims\jvm.cpp, line 1390]
Event: 0.524 Thread 0x00000000187f5800 Exception <a 'java/security/PrivilegedActionException'> (0x00000000e13911a0) thrown at [C:\re\workspace\8-2-build-windows-amd64-cygwin\jdk8u131\8869\hotspot\src\share\vm\prims\jvm.cpp, line 1390]
Event: 0.524 Thread 0x00000000187f5800 Exception <a 'java/security/PrivilegedActionException'> (0x00000000e1392ca8) thrown at [C:\re\workspace\8-2-build-windows-amd64-cygwin\jdk8u131\8869\hotspot\src\share\vm\prims\jvm.cpp, line 1390]
Event: 0.524 Thread 0x00000000187f5800 Exception <a 'java/security/PrivilegedActionException'> (0x00000000e13930a0) thrown at [C:\re\workspace\8-2-build-windows-amd64-cygwin\jdk8u131\8869\hotspot\src\share\vm\prims\jvm.cpp, line 1390]
Event: 0.533 Thread 0x00000000187f5800 Exception <a 'java/security/PrivilegedActionException'> (0x00000000e13b2db8) thrown at [C:\re\workspace\8-2-build-windows-amd64-cygwin\jdk8u131\8869\hotspot\src\share\vm\prims\jvm.cpp, line 1390]
Event: 0.533 Thread 0x00000000187f5800 Exception <a 'java/security/PrivilegedActionException'> (0x00000000e13b31b0) thrown at [C:\re\workspace\8-2-build-windows-amd64-cygwin\jdk8u131\8869\hotspot\src\share\vm\prims\jvm.cpp, line 1390]
Event: 0.533 Thread 0x00000000187f5800 Exception <a 'java/security/PrivilegedActionException'> (0x00000000e13b4c70) thrown at [C:\re\workspace\8-2-build-windows-amd64-cygwin\jdk8u131\8869\hotspot\src\share\vm\prims\jvm.cpp, line 1390]
Event: 0.533 Thread 0x00000000187f5800 Exception <a 'java/security/PrivilegedActionException'> (0x00000000e13b5068) thrown at [C:\re\workspace\8-2-build-windows-amd64-cygwin\jdk8u131\8869\hotspot\src\share\vm\prims\jvm.cpp, line 1390]

Events (10 events):
Event: 0.852 loading class java/awt/event/MouseMotionAdapter
Event: 0.852 loading class java/awt/event/MouseMotionAdapter done
Event: 0.853 loading class bzh/terrevirtuelle/navisu/instruments/gpstrack/polygon/impl/GpsTrackPolygonImpl$4
Event: 0.853 loading class bzh/terrevirtuelle/navisu/instruments/gpstrack/polygon/impl/GpsTrackPolygonImpl$4 done
Event: 0.854 loading class bzh/terrevirtuelle/navisu/instruments/gpstrack/polygon/impl/GpsTrackPolygonImpl$7
Event: 0.854 loading class bzh/terrevirtuelle/navisu/instruments/gpstrack/polygon/impl/GpsTrackPolygonImpl$7 done
Event: 0.855 loading class bzh/terrevirtuelle/navisu/instruments/gpstrack/polygon/impl/GpsTrackPolygonImpl$5
Event: 0.855 loading class bzh/terrevirtuelle/navisu/instruments/gpstrack/polygon/impl/GpsTrackPolygonImpl$5 done
Event: 0.856 loading class bzh/terrevirtuelle/navisu/instruments/gpstrack/polygon/impl/GpsTrackPolygonImpl$6
Event: 0.856 loading class bzh/terrevirtuelle/navisu/instruments/gpstrack/polygon/impl/GpsTrackPolygonImpl$6 done


Dynamic libraries:
0x00007ff75ad00000 - 0x00007ff75ad37000 	C:\Program Files\Java\jre1.8.0_131\bin\javaw.exe
0x00007ff8e40d0000 - 0x00007ff8e42a1000 	C:\WINDOWS\SYSTEM32\ntdll.dll
0x00007ff8e3c60000 - 0x00007ff8e3d0b000 	C:\WINDOWS\System32\KERNEL32.DLL
0x00007ff8ca250000 - 0x00007ff8ca283000 	C:\Program Files\AVAST Software\Avast\x64\aswhooka.dll
0x00007ff8e0750000 - 0x00007ff8e096d000 	C:\WINDOWS\System32\KERNELBASE.dll
0x00007ff8e1a70000 - 0x00007ff8e1b12000 	C:\WINDOWS\System32\ADVAPI32.dll
0x00007ff8e2410000 - 0x00007ff8e24ae000 	C:\WINDOWS\System32\msvcrt.dll
0x00007ff8e1790000 - 0x00007ff8e17e9000 	C:\WINDOWS\System32\sechost.dll
0x00007ff8e1660000 - 0x00007ff8e1781000 	C:\WINDOWS\System32\RPCRT4.dll
0x00007ff8e2570000 - 0x00007ff8e26d5000 	C:\WINDOWS\System32\USER32.dll
0x00007ff8e0660000 - 0x00007ff8e067e000 	C:\WINDOWS\System32\win32u.dll
0x00007ff8e3e50000 - 0x00007ff8e3e84000 	C:\WINDOWS\System32\GDI32.dll
0x00007ff8e14d0000 - 0x00007ff8e1652000 	C:\WINDOWS\System32\gdi32full.dll
0x00007ff8d6060000 - 0x00007ff8d62da000 	C:\WINDOWS\WinSxS\amd64_microsoft.windows.common-controls_6595b64144ccf1df_6.0.14393.953_none_42151e83c686086b\COMCTL32.dll
0x00007ff8e2140000 - 0x00007ff8e2408000 	C:\WINDOWS\System32\combase.dll
0x00007ff8e0a70000 - 0x00007ff8e0b65000 	C:\WINDOWS\System32\ucrtbase.dll
0x00007ff8e0680000 - 0x00007ff8e06ea000 	C:\WINDOWS\System32\bcryptPrimitives.dll
0x00007ff8e19d0000 - 0x00007ff8e19fe000 	C:\WINDOWS\System32\IMM32.DLL
0x0000000052eb0000 - 0x0000000052f82000 	C:\Program Files\Java\jre1.8.0_131\bin\msvcr100.dll
0x0000000052610000 - 0x0000000052eac000 	C:\Program Files\Java\jre1.8.0_131\bin\server\jvm.dll
0x00007ff8e1950000 - 0x00007ff8e1958000 	C:\WINDOWS\System32\PSAPI.DLL
0x00007ff8d0970000 - 0x00007ff8d0979000 	C:\WINDOWS\SYSTEM32\WSOCK32.dll
0x00007ff8e26e0000 - 0x00007ff8e274a000 	C:\WINDOWS\System32\WS2_32.dll
0x00007ff8de230000 - 0x00007ff8de253000 	C:\WINDOWS\SYSTEM32\WINMM.dll
0x00007ff8d7b90000 - 0x00007ff8d7b9a000 	C:\WINDOWS\SYSTEM32\VERSION.dll
0x00007ff8de200000 - 0x00007ff8de22b000 	C:\WINDOWS\SYSTEM32\WINMMBASE.dll
0x00007ff8e0970000 - 0x00007ff8e09b2000 	C:\WINDOWS\System32\cfgmgr32.dll
0x0000000052600000 - 0x000000005260f000 	C:\Program Files\Java\jre1.8.0_131\bin\verify.dll
0x00000000525d0000 - 0x00000000525f9000 	C:\Program Files\Java\jre1.8.0_131\bin\java.dll
0x00000000525b0000 - 0x00000000525c6000 	C:\Program Files\Java\jre1.8.0_131\bin\zip.dll
0x00007ff8e2750000 - 0x00007ff8e3c58000 	C:\WINDOWS\System32\SHELL32.dll
0x00007ff8e0df0000 - 0x00007ff8e14ca000 	C:\WINDOWS\System32\windows.storage.dll
0x00007ff8e0550000 - 0x00007ff8e059c000 	C:\WINDOWS\System32\powrprof.dll
0x00007ff8e18f0000 - 0x00007ff8e1942000 	C:\WINDOWS\System32\shlwapi.dll
0x00007ff8e05b0000 - 0x00007ff8e05bf000 	C:\WINDOWS\System32\kernel.appcore.dll
0x00007ff8e09c0000 - 0x00007ff8e0a69000 	C:\WINDOWS\System32\shcore.dll
0x00007ff8e0530000 - 0x00007ff8e0544000 	C:\WINDOWS\System32\profapi.dll
0x00007ff8ba120000 - 0x00007ff8ba20f000 	C:\Program Files\Java\jre1.8.0_131\bin\msvcr120.dll
0x00007ff8bddd0000 - 0x00007ff8bde76000 	C:\Program Files\Java\jre1.8.0_131\bin\msvcp120.dll
0x0000000052580000 - 0x00000000525a2000 	C:\Program Files\Java\jre1.8.0_131\bin\prism_d3d.dll
0x00007ff8bd350000 - 0x00007ff8bd4dd000 	C:\WINDOWS\system32\d3d9.dll
0x00007ff8ddf40000 - 0x00007ff8ddf66000 	C:\WINDOWS\SYSTEM32\dwmapi.dll
0x00007ff8dec00000 - 0x00007ff8dec95000 	C:\WINDOWS\system32\uxtheme.dll
0x00007ff8a5700000 - 0x00007ff8a7c3d000 	C:\WINDOWS\SYSTEM32\igdumdim64.dll
0x00007ff8e24b0000 - 0x00007ff8e256f000 	C:\WINDOWS\System32\OLEAUT32.dll
0x00007ff8e05c0000 - 0x00007ff8e065c000 	C:\WINDOWS\System32\msvcp_win.dll
0x00007ff8e3d10000 - 0x00007ff8e3e47000 	C:\WINDOWS\System32\ole32.dll
0x00007ff8e1b20000 - 0x00007ff8e1f49000 	C:\WINDOWS\System32\SETUPAPI.dll
0x0000000052530000 - 0x0000000052573000 	C:\Program Files\Java\jre1.8.0_131\bin\glass.dll
0x00007ff8e17f0000 - 0x00007ff8e18ea000 	C:\WINDOWS\System32\COMDLG32.dll
0x00007ff8e1f50000 - 0x00007ff8e20aa000 	C:\WINDOWS\System32\MSCTF.dll
0x00007ff8d8e50000 - 0x00007ff8d9890000 	C:\WINDOWS\SYSTEM32\igdusc64.dll
0x00007ff8ce980000 - 0x00007ff8ceb12000 	C:\WINDOWS\SYSTEM32\dbghelp.dll

VM Arguments:
jvm_args: -Dfile.encoding=Cp1252 
java_command: bzh.terrevirtuelle.navisu.main.AppMain
java_class_path (initial): C:\Users\Vivien Bontoux\git\navisu-vivien\navisu-launcher\bin;C:\Users\Vivien Bontoux\.gradle\caches\artifacts-26\filestore\junit\junit\4.10\jar\e4f1766ce7404a08f45d859fb9c226fc9e41a861\junit-4.10.jar;C:\Users\Vivien Bontoux\.gradle\caches\artifacts-26\filestore\org.hamcrest\hamcrest-core\1.1\jar\860340562250678d1a344907ac75754e259cdb14\hamcrest-core-1.1.jar;C:\Users\Vivien Bontoux\git\navisu-vivien\navisu-launcher\lib\c3.jar;C:\Users\Vivien Bontoux\git\navisu-vivien\navisu-launcher\lib\log4j-1.2.17.jar;C:\Users\Vivien Bontoux\git\navisu-vivien\navisu-agents\bin;C:\Users\Vivien Bontoux\git\navisu-vivien\navisu-domain\bin;C:\Users\Vivien Bontoux\git\navisu-vivien\navisu-domain\lib\antlr-2.7.5.jar;C:\Users\Vivien Bontoux\git\navisu-vivien\navisu-domain\lib\antlr-2.7.7.jar;C:\Users\Vivien Bontoux\git\navisu-vivien\navisu-domain\lib\antlr-3.4-complete-no-antlrv2.jar;C:\Users\Vivien Bontoux\git\navisu-vivien\navisu-domain\lib\antlr-runtime-3.4.jar;C:\Users\Vivien Bontoux\git\navisu-vivien\navisu-domain\lib\classmate-1.0.0.jar;C:\Users\Vivien Bontoux\git\navisu-vivien\navisu-domain\lib\colt.jar;C:\Users\Vivien Bontoux\git\navisu-vivien\navisu-domain\lib\concurrent.jar;C:\Users\Vivien Bontoux\git\navisu-vivien\navisu-domain\lib\dom4j-1.6.1.jar;C:\Users\Vivien Bontoux\git\navisu-vivien\navisu-domain\lib\eclipselink-2.5.2-M1.jar;C:\Users\Vivien Bontoux\git\navisu-vivien\navisu-domain\lib\guava-18.0.jar;C:\Users\Vivien Bontoux\git\navisu-vivien\navisu-domain\lib\javax.persistence_2.1.0.v201304241213.jar;C:\Users\Vivien Bontoux\git\navisu-vivien\navisu-domain\lib\jta-1.1.jar;C:\Users\Vivien Bontoux\git\navisu-vivien\navisu-domain\lib\org.eclipse.persistence.jpa.jpql_2.5.2.v20140319-9ad6abd.jar;C:\Users\Vivien Bontoux\git\navisu-vivien\navisu-domain\lib\org.eclipse.persistence.jpa_2.5.2.v20140319-9ad6abd.jar;C:\Users\Vivien Bontoux\git\navisu-vivien\navisu-client\bin;C:\Users\Vivien Bontoux\git\navisu-vivien\navisu-client\lib\c3.jar;C:\Users\Vivien 
Launcher Type: SUN_STANDARD

Environment Variables:
PATH=C:/Program Files/Java/jre1.8.0_45/bin/server;C:/Program Files/Java/jre1.8.0_45/bin;C:/Program Files/Java/jre1.8.0_45/lib/amd64;C:\ProgramData\Oracle\Java\javapath;C:\Program Files (x86)\Intel\iCLS Client\;C:\Program Files\Intel\iCLS Client\;C:\Windows\system32;C:\Windows;C:\Windows\System32\Wbem;C:\Windows\System32\WindowsPowerShell\v1.0\;C:\Program Files (x86)\Intel\Intel(R) Management Engine Components\DAL;C:\Program Files\Intel\Intel(R) Management Engine Components\DAL;C:\Program Files (x86)\Intel\Intel(R) Management Engine Components\IPT;C:\Program Files\Intel\Intel(R) Management Engine Components\IPT;C:\Program Files (x86)\NVIDIA Corporation\PhysX\Common;C:\WINDOWS\system32;C:\WINDOWS;C:\WINDOWS\System32\Wbem;C:\WINDOWS\System32\WindowsPowerShell\v1.0\;C:\Program Files\Intel\WiFi\bin\;C:\Program Files\Common Files\Intel\WirelessCommon\;C:\Users\Vivien Bontoux\AppData\Local\Microsoft\WindowsApps;;C:\eclipse;
USERNAME=Vivien Bontoux
OS=Windows_NT
PROCESSOR_IDENTIFIER=Intel64 Family 6 Model 60 Stepping 3, GenuineIntel



---------------  S Y S T E M  ---------------

OS: Windows 10.0 , 64 bit Build 14393 (10.0.14393.0)

CPU:total 4 (initial active 4) (2 cores per cpu, 2 threads per core) family 6 model 60 stepping 3, cmov, cx8, fxsr, mmx, sse, sse2, sse3, ssse3, sse4.1, sse4.2, popcnt, avx, avx2, aes, clmul, erms, lzcnt, ht, tsc, tscinvbit, bmi1, bmi2

Memory: 4k page, physical 6177784k(3190328k free), swap 12469240k(8257508k free)

vm_info: Java HotSpot(TM) 64-Bit Server VM (25.131-b11) for windows-amd64 JRE (1.8.0_131-b11), built on Mar 15 2017 01:23:53 by "java_re" with MS VC++ 10.0 (VS2010)

time: Fri May 12 00:51:42 2017
elapsed time: 0 seconds (0d 0h 0m 0s)

